Compiled jquery.js  (1ms)  (pid 7536)
Compiled jquery_ujs.js  (0ms)  (pid 7536)
Compiled twitter/bootstrap/bootstrap-transition.js  (0ms)  (pid 7536)
Compiled twitter/bootstrap/bootstrap-alert.js  (0ms)  (pid 7536)
Compiled twitter/bootstrap/bootstrap-modal.js  (0ms)  (pid 7536)
Compiled twitter/bootstrap/bootstrap-dropdown.js  (0ms)  (pid 7536)
Compiled twitter/bootstrap/bootstrap-scrollspy.js  (0ms)  (pid 7536)
Compiled twitter/bootstrap/bootstrap-tab.js  (0ms)  (pid 7536)
Compiled twitter/bootstrap/bootstrap-tooltip.js  (0ms)  (pid 7536)
Compiled twitter/bootstrap/bootstrap-popover.js  (0ms)  (pid 7536)
Compiled twitter/bootstrap/bootstrap-button.js  (0ms)  (pid 7536)
Compiled twitter/bootstrap/bootstrap-collapse.js  (0ms)  (pid 7536)
Compiled twitter/bootstrap/bootstrap-carousel.js  (0ms)  (pid 7536)
Compiled twitter/bootstrap/bootstrap-typeahead.js  (0ms)  (pid 7536)
Compiled twitter/bootstrap/bootstrap-affix.js  (0ms)  (pid 7536)
Compiled twitter/bootstrap.js  (111ms)  (pid 7536)
Compiled bootstrap.js  (139ms)  (pid 7536)
Compiled password_resets.js  (0ms)  (pid 7536)
Compiled sessions.js  (0ms)  (pid 7536)
Compiled surveys.js  (0ms)  (pid 7536)
Compiled users.js  (0ms)  (pid 7536)
Compiled application.js  (328ms)  (pid 7536)
Compiled bootstrap_and_overrides.css  (937ms)  (pid 7536)
Compiled application.css  (941ms)  (pid 7536)
Compiled jquery.js  (1ms)  (pid 7536)
Compiled jquery_ujs.js  (0ms)  (pid 7536)
Compiled twitter/bootstrap/bootstrap-transition.js  (0ms)  (pid 7536)
Compiled twitter/bootstrap/bootstrap-alert.js  (0ms)  (pid 7536)
Compiled twitter/bootstrap/bootstrap-modal.js  (0ms)  (pid 7536)
Compiled twitter/bootstrap/bootstrap-dropdown.js  (0ms)  (pid 7536)
Compiled twitter/bootstrap/bootstrap-scrollspy.js  (0ms)  (pid 7536)
Compiled twitter/bootstrap/bootstrap-tab.js  (0ms)  (pid 7536)
Compiled twitter/bootstrap/bootstrap-tooltip.js  (0ms)  (pid 7536)
Compiled twitter/bootstrap/bootstrap-popover.js  (0ms)  (pid 7536)
Compiled twitter/bootstrap/bootstrap-button.js  (0ms)  (pid 7536)
Compiled twitter/bootstrap/bootstrap-collapse.js  (0ms)  (pid 7536)
Compiled twitter/bootstrap/bootstrap-carousel.js  (0ms)  (pid 7536)
Compiled twitter/bootstrap/bootstrap-typeahead.js  (0ms)  (pid 7536)
Compiled twitter/bootstrap/bootstrap-affix.js  (0ms)  (pid 7536)
Compiled twitter/bootstrap.js  (79ms)  (pid 7536)
Compiled bootstrap.js  (47ms)  (pid 7536)
Compiled password_resets.js  (0ms)  (pid 7536)
Compiled sessions.js  (0ms)  (pid 7536)
Compiled surveys.js  (0ms)  (pid 7536)
Compiled users.js  (0ms)  (pid 7536)
Compiled application.js  (156ms)  (pid 7536)
Compiled bootstrap_and_overrides.css  (780ms)  (pid 7536)
Compiled application.css  (809ms)  (pid 7536)
Connecting to database specified by database.yml
Connecting to database specified by database.yml
Started GET "/" for 127.0.0.1 at 2013-02-11 17:49:45 +0530
Processing by SessionsController#new as HTML
  Rendered sessions/new.html.erb within layouts/application (3.7ms)
Completed 200 OK in 47ms (Views: 46.3ms | ActiveRecord: 0.0ms)
Started GET "/assets/application-4af41d15d8c1878f6d28f3ea85eaf640.css" for 127.0.0.1 at 2013-02-11 17:49:45 +0530
Error compiling asset application.css:
Less::ParseError: 'twitter/bootstrap/bootstrap.less' wasn't found.

  (in /home/shamsul/Downloads/abstract_survey/app/assets/stylesheets/bootstrap_and_overrides.css.less)
Served asset /application-4af41d15d8c1878f6d28f3ea85eaf640.css - 500 Internal Server Error


Started GET "/assets/application-5994e5d274ec157c656a9204653aa126.js" for 127.0.0.1 at 2013-02-11 17:49:46 +0530
Error compiling asset application.js:
Sprockets::FileNotFound: couldn't find file 'twitter/bootstrap'
  (in /home/shamsul/Downloads/abstract_survey/app/assets/javascripts/application.js:15)
Served asset /application-5994e5d274ec157c656a9204653aa126.js - 500 Internal Server Error


Started GET "/favicon.ico" for 127.0.0.1 at 2013-02-11 17:49:46 +0530

ActionController::RoutingError (No route matches [GET] "/favicon.ico"):
  actionpack (3.2.11) lib/action_dispatch/middleware/debug_exceptions.rb:21:in `call'
  actionpack (3.2.11) lib/action_dispatch/middleware/show_exceptions.rb:56:in `call'
  railties (3.2.11) lib/rails/rack/logger.rb:32:in `call_app'
  railties (3.2.11) lib/rails/rack/logger.rb:16:in `block in call'
  activesupport (3.2.11) lib/active_support/tagged_logging.rb:22:in `tagged'
  railties (3.2.11) lib/rails/rack/logger.rb:16:in `call'
  actionpack (3.2.11) lib/action_dispatch/middleware/request_id.rb:22:in `call'
  rack (1.4.4) lib/rack/methodoverride.rb:21:in `call'
  rack (1.4.4) lib/rack/runtime.rb:17:in `call'
  activesupport (3.2.11) lib/active_support/cache/strategy/local_cache.rb:72:in `call'
  rack (1.4.4) lib/rack/lock.rb:15:in `call'
  rack-cache (1.2) lib/rack/cache/context.rb:136:in `forward'
  rack-cache (1.2) lib/rack/cache/context.rb:245:in `fetch'
  rack-cache (1.2) lib/rack/cache/context.rb:185:in `lookup'
  rack-cache (1.2) lib/rack/cache/context.rb:66:in `call!'
  rack-cache (1.2) lib/rack/cache/context.rb:51:in `call'
  railties (3.2.11) lib/rails/engine.rb:479:in `call'
  railties (3.2.11) lib/rails/application.rb:223:in `call'
  rack (1.4.4) lib/rack/content_length.rb:14:in `call'
  railties (3.2.11) lib/rails/rack/log_tailer.rb:17:in `call'
  thin (1.5.0) lib/thin/connection.rb:81:in `block in pre_process'
  thin (1.5.0) lib/thin/connection.rb:79:in `catch'
  thin (1.5.0) lib/thin/connection.rb:79:in `pre_process'
  thin (1.5.0) lib/thin/connection.rb:54:in `process'
  thin (1.5.0) lib/thin/connection.rb:39:in `receive_data'
  eventmachine (1.0.0) lib/eventmachine.rb:187:in `run_machine'
  eventmachine (1.0.0) lib/eventmachine.rb:187:in `run'
  thin (1.5.0) lib/thin/backends/base.rb:63:in `start'
  thin (1.5.0) lib/thin/server.rb:159:in `start'
  rack (1.4.4) lib/rack/handler/thin.rb:13:in `run'
  rack (1.4.4) lib/rack/server.rb:268:in `start'
  railties (3.2.11) lib/rails/commands/server.rb:70:in `start'
  railties (3.2.11) lib/rails/commands.rb:55:in `block in <top (required)>'
  railties (3.2.11) lib/rails/commands.rb:50:in `tap'
  railties (3.2.11) lib/rails/commands.rb:50:in `<top (required)>'
  script/rails:6:in `require'
  script/rails:6:in `<main>'


Started GET "/" for 127.0.0.1 at 2013-02-11 17:50:36 +0530
Processing by SessionsController#new as HTML
  Rendered sessions/new.html.erb within layouts/application (0.9ms)
Completed 200 OK in 3ms (Views: 2.5ms | ActiveRecord: 0.0ms)
Started GET "/assets/application-4af41d15d8c1878f6d28f3ea85eaf640.css" for 127.0.0.1 at 2013-02-11 17:50:36 +0530
Error compiling asset application.css:
Less::ParseError: 'twitter/bootstrap/bootstrap.less' wasn't found.

  (in /home/shamsul/Downloads/abstract_survey/app/assets/stylesheets/bootstrap_and_overrides.css.less)
Served asset /application-4af41d15d8c1878f6d28f3ea85eaf640.css - 500 Internal Server Error


Started GET "/assets/application-5994e5d274ec157c656a9204653aa126.js" for 127.0.0.1 at 2013-02-11 17:50:36 +0530
Error compiling asset application.js:
Sprockets::FileNotFound: couldn't find file 'twitter/bootstrap'
  (in /home/shamsul/Downloads/abstract_survey/app/assets/javascripts/application.js:15)
Served asset /application-5994e5d274ec157c656a9204653aa126.js - 500 Internal Server Error


Started GET "/" for 127.0.0.1 at 2013-02-11 17:50:38 +0530
Processing by SessionsController#new as HTML
  Rendered sessions/new.html.erb within layouts/application (3.1ms)
Completed 200 OK in 8ms (Views: 7.4ms | ActiveRecord: 0.0ms)
Started GET "/assets/application-4af41d15d8c1878f6d28f3ea85eaf640.css" for 127.0.0.1 at 2013-02-11 17:50:38 +0530
Error compiling asset application.css:
Less::ParseError: 'twitter/bootstrap/bootstrap.less' wasn't found.

  (in /home/shamsul/Downloads/abstract_survey/app/assets/stylesheets/bootstrap_and_overrides.css.less)
Served asset /application-4af41d15d8c1878f6d28f3ea85eaf640.css - 500 Internal Server Error


Started GET "/assets/application-5994e5d274ec157c656a9204653aa126.js" for 127.0.0.1 at 2013-02-11 17:50:38 +0530
Error compiling asset application.js:
Sprockets::FileNotFound: couldn't find file 'twitter/bootstrap'
  (in /home/shamsul/Downloads/abstract_survey/app/assets/javascripts/application.js:15)
Served asset /application-5994e5d274ec157c656a9204653aa126.js - 500 Internal Server Error


Connecting to database specified by database.yml
Started GET "/" for 127.0.0.1 at 2013-02-11 17:50:50 +0530
Processing by SessionsController#new as HTML
  Rendered sessions/new.html.erb within layouts/application (3.3ms)
Completed 200 OK in 32ms (Views: 32.2ms | ActiveRecord: 0.0ms)
Started GET "/assets/application-4af41d15d8c1878f6d28f3ea85eaf640.css" for 127.0.0.1 at 2013-02-11 17:50:51 +0530

ActionController::RoutingError (No route matches [GET] "/assets/application-4af41d15d8c1878f6d28f3ea85eaf640.css"):
  actionpack (3.2.11) lib/action_dispatch/middleware/debug_exceptions.rb:21:in `call'
  actionpack (3.2.11) lib/action_dispatch/middleware/show_exceptions.rb:56:in `call'
  railties (3.2.11) lib/rails/rack/logger.rb:32:in `call_app'
  railties (3.2.11) lib/rails/rack/logger.rb:16:in `block in call'
  activesupport (3.2.11) lib/active_support/tagged_logging.rb:22:in `tagged'
  railties (3.2.11) lib/rails/rack/logger.rb:16:in `call'
  actionpack (3.2.11) lib/action_dispatch/middleware/request_id.rb:22:in `call'
  rack (1.4.4) lib/rack/methodoverride.rb:21:in `call'
  rack (1.4.4) lib/rack/runtime.rb:17:in `call'
  activesupport (3.2.11) lib/active_support/cache/strategy/local_cache.rb:72:in `call'
  rack (1.4.4) lib/rack/lock.rb:15:in `call'
  rack-cache (1.2) lib/rack/cache/context.rb:136:in `forward'
  rack-cache (1.2) lib/rack/cache/context.rb:245:in `fetch'
  rack-cache (1.2) lib/rack/cache/context.rb:185:in `lookup'
  rack-cache (1.2) lib/rack/cache/context.rb:66:in `call!'
  rack-cache (1.2) lib/rack/cache/context.rb:51:in `call'
  railties (3.2.11) lib/rails/engine.rb:479:in `call'
  railties (3.2.11) lib/rails/application.rb:223:in `call'
  rack (1.4.4) lib/rack/content_length.rb:14:in `call'
  railties (3.2.11) lib/rails/rack/log_tailer.rb:17:in `call'
  thin (1.5.0) lib/thin/connection.rb:81:in `block in pre_process'
  thin (1.5.0) lib/thin/connection.rb:79:in `catch'
  thin (1.5.0) lib/thin/connection.rb:79:in `pre_process'
  thin (1.5.0) lib/thin/connection.rb:54:in `process'
  thin (1.5.0) lib/thin/connection.rb:39:in `receive_data'
  eventmachine (1.0.0) lib/eventmachine.rb:187:in `run_machine'
  eventmachine (1.0.0) lib/eventmachine.rb:187:in `run'
  thin (1.5.0) lib/thin/backends/base.rb:63:in `start'
  thin (1.5.0) lib/thin/server.rb:159:in `start'
  rack (1.4.4) lib/rack/handler/thin.rb:13:in `run'
  rack (1.4.4) lib/rack/server.rb:268:in `start'
  railties (3.2.11) lib/rails/commands/server.rb:70:in `start'
  railties (3.2.11) lib/rails/commands.rb:55:in `block in <top (required)>'
  railties (3.2.11) lib/rails/commands.rb:50:in `tap'
  railties (3.2.11) lib/rails/commands.rb:50:in `<top (required)>'
  script/rails:6:in `require'
  script/rails:6:in `<main>'


Started GET "/assets/application-5994e5d274ec157c656a9204653aa126.js" for 127.0.0.1 at 2013-02-11 17:50:51 +0530

ActionController::RoutingError (No route matches [GET] "/assets/application-5994e5d274ec157c656a9204653aa126.js"):
  actionpack (3.2.11) lib/action_dispatch/middleware/debug_exceptions.rb:21:in `call'
  actionpack (3.2.11) lib/action_dispatch/middleware/show_exceptions.rb:56:in `call'
  railties (3.2.11) lib/rails/rack/logger.rb:32:in `call_app'
  railties (3.2.11) lib/rails/rack/logger.rb:16:in `block in call'
  activesupport (3.2.11) lib/active_support/tagged_logging.rb:22:in `tagged'
  railties (3.2.11) lib/rails/rack/logger.rb:16:in `call'
  actionpack (3.2.11) lib/action_dispatch/middleware/request_id.rb:22:in `call'
  rack (1.4.4) lib/rack/methodoverride.rb:21:in `call'
  rack (1.4.4) lib/rack/runtime.rb:17:in `call'
  activesupport (3.2.11) lib/active_support/cache/strategy/local_cache.rb:72:in `call'
  rack (1.4.4) lib/rack/lock.rb:15:in `call'
  rack-cache (1.2) lib/rack/cache/context.rb:136:in `forward'
  rack-cache (1.2) lib/rack/cache/context.rb:245:in `fetch'
  rack-cache (1.2) lib/rack/cache/context.rb:185:in `lookup'
  rack-cache (1.2) lib/rack/cache/context.rb:66:in `call!'
  rack-cache (1.2) lib/rack/cache/context.rb:51:in `call'
  railties (3.2.11) lib/rails/engine.rb:479:in `call'
  railties (3.2.11) lib/rails/application.rb:223:in `call'
  rack (1.4.4) lib/rack/content_length.rb:14:in `call'
  railties (3.2.11) lib/rails/rack/log_tailer.rb:17:in `call'
  thin (1.5.0) lib/thin/connection.rb:81:in `block in pre_process'
  thin (1.5.0) lib/thin/connection.rb:79:in `catch'
  thin (1.5.0) lib/thin/connection.rb:79:in `pre_process'
  thin (1.5.0) lib/thin/connection.rb:54:in `process'
  thin (1.5.0) lib/thin/connection.rb:39:in `receive_data'
  eventmachine (1.0.0) lib/eventmachine.rb:187:in `run_machine'
  eventmachine (1.0.0) lib/eventmachine.rb:187:in `run'
  thin (1.5.0) lib/thin/backends/base.rb:63:in `start'
  thin (1.5.0) lib/thin/server.rb:159:in `start'
  rack (1.4.4) lib/rack/handler/thin.rb:13:in `run'
  rack (1.4.4) lib/rack/server.rb:268:in `start'
  railties (3.2.11) lib/rails/commands/server.rb:70:in `start'
  railties (3.2.11) lib/rails/commands.rb:55:in `block in <top (required)>'
  railties (3.2.11) lib/rails/commands.rb:50:in `tap'
  railties (3.2.11) lib/rails/commands.rb:50:in `<top (required)>'
  script/rails:6:in `require'
  script/rails:6:in `<main>'


Started POST "/sessions" for 127.0.0.1 at 2013-02-11 17:51:13 +0530
Processing by SessionsController#create as HTML
  Parameters: {"utf8"=>"✓", "authenticity_token"=>"eP4sLoMw6u/e8NmrIqGddn0UG0+sFLNER7BNFuec/Mk=", "email"=>"shamsul", "password"=>"[FILTERED]", "commit"=>"Login"}
Completed 500 Internal Server Error in 65ms

ActiveRecord::StatementInvalid (Could not find table 'users'):
  app/controllers/sessions_controller.rb:10:in `create'


Connecting to database specified by database.yml
Started POST "/sessions" for 127.0.0.1 at 2013-02-11 17:52:47 +0530
Processing by SessionsController#create as HTML
  Parameters: {"utf8"=>"✓", "authenticity_token"=>"eP4sLoMw6u/e8NmrIqGddn0UG0+sFLNER7BNFuec/Mk=", "email"=>"shamsul", "password"=>"[FILTERED]", "commit"=>"Login"}
Completed 500 Internal Server Error in 53ms

ActiveRecord::StatementInvalid (Could not find table 'users'):
  app/controllers/sessions_controller.rb:10:in `create'


Started GET "/" for 127.0.0.1 at 2013-02-11 17:52:52 +0530
Processing by SessionsController#new as HTML
  Rendered sessions/new.html.erb within layouts/application (3.3ms)
Completed 200 OK in 48ms (Views: 46.9ms | ActiveRecord: 0.0ms)
Started GET "/assets/application-4af41d15d8c1878f6d28f3ea85eaf640.css" for 127.0.0.1 at 2013-02-11 17:52:52 +0530

ActionController::RoutingError (No route matches [GET] "/assets/application-4af41d15d8c1878f6d28f3ea85eaf640.css"):
  actionpack (3.2.11) lib/action_dispatch/middleware/debug_exceptions.rb:21:in `call'
  actionpack (3.2.11) lib/action_dispatch/middleware/show_exceptions.rb:56:in `call'
  railties (3.2.11) lib/rails/rack/logger.rb:32:in `call_app'
  railties (3.2.11) lib/rails/rack/logger.rb:16:in `block in call'
  activesupport (3.2.11) lib/active_support/tagged_logging.rb:22:in `tagged'
  railties (3.2.11) lib/rails/rack/logger.rb:16:in `call'
  actionpack (3.2.11) lib/action_dispatch/middleware/request_id.rb:22:in `call'
  rack (1.4.4) lib/rack/methodoverride.rb:21:in `call'
  rack (1.4.4) lib/rack/runtime.rb:17:in `call'
  activesupport (3.2.11) lib/active_support/cache/strategy/local_cache.rb:72:in `call'
  rack (1.4.4) lib/rack/lock.rb:15:in `call'
  rack-cache (1.2) lib/rack/cache/context.rb:136:in `forward'
  rack-cache (1.2) lib/rack/cache/context.rb:245:in `fetch'
  rack-cache (1.2) lib/rack/cache/context.rb:185:in `lookup'
  rack-cache (1.2) lib/rack/cache/context.rb:66:in `call!'
  rack-cache (1.2) lib/rack/cache/context.rb:51:in `call'
  railties (3.2.11) lib/rails/engine.rb:479:in `call'
  railties (3.2.11) lib/rails/application.rb:223:in `call'
  rack (1.4.4) lib/rack/content_length.rb:14:in `call'
  railties (3.2.11) lib/rails/rack/log_tailer.rb:17:in `call'
  thin (1.5.0) lib/thin/connection.rb:81:in `block in pre_process'
  thin (1.5.0) lib/thin/connection.rb:79:in `catch'
  thin (1.5.0) lib/thin/connection.rb:79:in `pre_process'
  thin (1.5.0) lib/thin/connection.rb:54:in `process'
  thin (1.5.0) lib/thin/connection.rb:39:in `receive_data'
  eventmachine (1.0.0) lib/eventmachine.rb:187:in `run_machine'
  eventmachine (1.0.0) lib/eventmachine.rb:187:in `run'
  thin (1.5.0) lib/thin/backends/base.rb:63:in `start'
  thin (1.5.0) lib/thin/server.rb:159:in `start'
  rack (1.4.4) lib/rack/handler/thin.rb:13:in `run'
  rack (1.4.4) lib/rack/server.rb:268:in `start'
  railties (3.2.11) lib/rails/commands/server.rb:70:in `start'
  railties (3.2.11) lib/rails/commands.rb:55:in `block in <top (required)>'
  railties (3.2.11) lib/rails/commands.rb:50:in `tap'
  railties (3.2.11) lib/rails/commands.rb:50:in `<top (required)>'
  script/rails:6:in `require'
  script/rails:6:in `<main>'


Started GET "/assets/application-5994e5d274ec157c656a9204653aa126.js" for 127.0.0.1 at 2013-02-11 17:52:52 +0530

ActionController::RoutingError (No route matches [GET] "/assets/application-5994e5d274ec157c656a9204653aa126.js"):
  actionpack (3.2.11) lib/action_dispatch/middleware/debug_exceptions.rb:21:in `call'
  actionpack (3.2.11) lib/action_dispatch/middleware/show_exceptions.rb:56:in `call'
  railties (3.2.11) lib/rails/rack/logger.rb:32:in `call_app'
  railties (3.2.11) lib/rails/rack/logger.rb:16:in `block in call'
  activesupport (3.2.11) lib/active_support/tagged_logging.rb:22:in `tagged'
  railties (3.2.11) lib/rails/rack/logger.rb:16:in `call'
  actionpack (3.2.11) lib/action_dispatch/middleware/request_id.rb:22:in `call'
  rack (1.4.4) lib/rack/methodoverride.rb:21:in `call'
  rack (1.4.4) lib/rack/runtime.rb:17:in `call'
  activesupport (3.2.11) lib/active_support/cache/strategy/local_cache.rb:72:in `call'
  rack (1.4.4) lib/rack/lock.rb:15:in `call'
  rack-cache (1.2) lib/rack/cache/context.rb:136:in `forward'
  rack-cache (1.2) lib/rack/cache/context.rb:245:in `fetch'
  rack-cache (1.2) lib/rack/cache/context.rb:185:in `lookup'
  rack-cache (1.2) lib/rack/cache/context.rb:66:in `call!'
  rack-cache (1.2) lib/rack/cache/context.rb:51:in `call'
  railties (3.2.11) lib/rails/engine.rb:479:in `call'
  railties (3.2.11) lib/rails/application.rb:223:in `call'
  rack (1.4.4) lib/rack/content_length.rb:14:in `call'
  railties (3.2.11) lib/rails/rack/log_tailer.rb:17:in `call'
  thin (1.5.0) lib/thin/connection.rb:81:in `block in pre_process'
  thin (1.5.0) lib/thin/connection.rb:79:in `catch'
  thin (1.5.0) lib/thin/connection.rb:79:in `pre_process'
  thin (1.5.0) lib/thin/connection.rb:54:in `process'
  thin (1.5.0) lib/thin/connection.rb:39:in `receive_data'
  eventmachine (1.0.0) lib/eventmachine.rb:187:in `run_machine'
  eventmachine (1.0.0) lib/eventmachine.rb:187:in `run'
  thin (1.5.0) lib/thin/backends/base.rb:63:in `start'
  thin (1.5.0) lib/thin/server.rb:159:in `start'
  rack (1.4.4) lib/rack/handler/thin.rb:13:in `run'
  rack (1.4.4) lib/rack/server.rb:268:in `start'
  railties (3.2.11) lib/rails/commands/server.rb:70:in `start'
  railties (3.2.11) lib/rails/commands.rb:55:in `block in <top (required)>'
  railties (3.2.11) lib/rails/commands.rb:50:in `tap'
  railties (3.2.11) lib/rails/commands.rb:50:in `<top (required)>'
  script/rails:6:in `require'
  script/rails:6:in `<main>'


Started POST "/sessions" for 127.0.0.1 at 2013-02-11 17:53:01 +0530
Processing by SessionsController#create as HTML
  Parameters: {"utf8"=>"✓", "authenticity_token"=>"eP4sLoMw6u/e8NmrIqGddn0UG0+sFLNER7BNFuec/Mk=", "email"=>"shamsul", "password"=>"[FILTERED]", "commit"=>"Login"}
Completed 500 Internal Server Error in 1ms

ActiveRecord::StatementInvalid (Could not find table 'users'):
  app/controllers/sessions_controller.rb:10:in `create'


Connecting to database specified by database.yml
Connecting to database specified by database.yml
Started GET "/" for 127.0.0.1 at 2013-02-11 18:00:16 +0530
Processing by SessionsController#new as HTML
  Rendered sessions/new.html.erb within layouts/application (3.3ms)
Completed 200 OK in 33ms (Views: 32.2ms | ActiveRecord: 0.0ms)
Started GET "/assets/application-4af41d15d8c1878f6d28f3ea85eaf640.css" for 127.0.0.1 at 2013-02-11 18:00:16 +0530
Error compiling asset application.css:
Less::ParseError: 'twitter/bootstrap/bootstrap.less' wasn't found.

  (in /home/shamsul/Downloads/abstract_survey/app/assets/stylesheets/bootstrap_and_overrides.css.less)
Served asset /application-4af41d15d8c1878f6d28f3ea85eaf640.css - 500 Internal Server Error


Started GET "/assets/application-5994e5d274ec157c656a9204653aa126.js" for 127.0.0.1 at 2013-02-11 18:00:16 +0530
Error compiling asset application.js:
Sprockets::FileNotFound: couldn't find file 'twitter/bootstrap'
  (in /home/shamsul/Downloads/abstract_survey/app/assets/javascripts/application.js:15)
Served asset /application-5994e5d274ec157c656a9204653aa126.js - 500 Internal Server Error


Connecting to database specified by database.yml
Started GET "/" for 127.0.0.1 at 2013-02-11 18:01:03 +0530
Processing by SessionsController#new as HTML
  Rendered sessions/new.html.erb within layouts/application (3.4ms)
Completed 200 OK in 32ms (Views: 31.8ms | ActiveRecord: 0.0ms)
Started GET "/assets/application-4af41d15d8c1878f6d28f3ea85eaf640.css" for 127.0.0.1 at 2013-02-11 18:01:03 +0530

ActionController::RoutingError (No route matches [GET] "/assets/application-4af41d15d8c1878f6d28f3ea85eaf640.css"):
  actionpack (3.2.11) lib/action_dispatch/middleware/debug_exceptions.rb:21:in `call'
  actionpack (3.2.11) lib/action_dispatch/middleware/show_exceptions.rb:56:in `call'
  railties (3.2.11) lib/rails/rack/logger.rb:32:in `call_app'
  railties (3.2.11) lib/rails/rack/logger.rb:16:in `block in call'
  activesupport (3.2.11) lib/active_support/tagged_logging.rb:22:in `tagged'
  railties (3.2.11) lib/rails/rack/logger.rb:16:in `call'
  actionpack (3.2.11) lib/action_dispatch/middleware/request_id.rb:22:in `call'
  rack (1.4.4) lib/rack/methodoverride.rb:21:in `call'
  rack (1.4.4) lib/rack/runtime.rb:17:in `call'
  activesupport (3.2.11) lib/active_support/cache/strategy/local_cache.rb:72:in `call'
  rack (1.4.4) lib/rack/lock.rb:15:in `call'
  rack-cache (1.2) lib/rack/cache/context.rb:136:in `forward'
  rack-cache (1.2) lib/rack/cache/context.rb:245:in `fetch'
  rack-cache (1.2) lib/rack/cache/context.rb:185:in `lookup'
  rack-cache (1.2) lib/rack/cache/context.rb:66:in `call!'
  rack-cache (1.2) lib/rack/cache/context.rb:51:in `call'
  railties (3.2.11) lib/rails/engine.rb:479:in `call'
  railties (3.2.11) lib/rails/application.rb:223:in `call'
  rack (1.4.4) lib/rack/content_length.rb:14:in `call'
  railties (3.2.11) lib/rails/rack/log_tailer.rb:17:in `call'
  thin (1.5.0) lib/thin/connection.rb:81:in `block in pre_process'
  thin (1.5.0) lib/thin/connection.rb:79:in `catch'
  thin (1.5.0) lib/thin/connection.rb:79:in `pre_process'
  thin (1.5.0) lib/thin/connection.rb:54:in `process'
  thin (1.5.0) lib/thin/connection.rb:39:in `receive_data'
  eventmachine (1.0.0) lib/eventmachine.rb:187:in `run_machine'
  eventmachine (1.0.0) lib/eventmachine.rb:187:in `run'
  thin (1.5.0) lib/thin/backends/base.rb:63:in `start'
  thin (1.5.0) lib/thin/server.rb:159:in `start'
  rack (1.4.4) lib/rack/handler/thin.rb:13:in `run'
  rack (1.4.4) lib/rack/server.rb:268:in `start'
  railties (3.2.11) lib/rails/commands/server.rb:70:in `start'
  railties (3.2.11) lib/rails/commands.rb:55:in `block in <top (required)>'
  railties (3.2.11) lib/rails/commands.rb:50:in `tap'
  railties (3.2.11) lib/rails/commands.rb:50:in `<top (required)>'
  script/rails:6:in `require'
  script/rails:6:in `<main>'


Started GET "/assets/application-5994e5d274ec157c656a9204653aa126.js" for 127.0.0.1 at 2013-02-11 18:01:03 +0530

ActionController::RoutingError (No route matches [GET] "/assets/application-5994e5d274ec157c656a9204653aa126.js"):
  actionpack (3.2.11) lib/action_dispatch/middleware/debug_exceptions.rb:21:in `call'
  actionpack (3.2.11) lib/action_dispatch/middleware/show_exceptions.rb:56:in `call'
  railties (3.2.11) lib/rails/rack/logger.rb:32:in `call_app'
  railties (3.2.11) lib/rails/rack/logger.rb:16:in `block in call'
  activesupport (3.2.11) lib/active_support/tagged_logging.rb:22:in `tagged'
  railties (3.2.11) lib/rails/rack/logger.rb:16:in `call'
  actionpack (3.2.11) lib/action_dispatch/middleware/request_id.rb:22:in `call'
  rack (1.4.4) lib/rack/methodoverride.rb:21:in `call'
  rack (1.4.4) lib/rack/runtime.rb:17:in `call'
  activesupport (3.2.11) lib/active_support/cache/strategy/local_cache.rb:72:in `call'
  rack (1.4.4) lib/rack/lock.rb:15:in `call'
  rack-cache (1.2) lib/rack/cache/context.rb:136:in `forward'
  rack-cache (1.2) lib/rack/cache/context.rb:245:in `fetch'
  rack-cache (1.2) lib/rack/cache/context.rb:185:in `lookup'
  rack-cache (1.2) lib/rack/cache/context.rb:66:in `call!'
  rack-cache (1.2) lib/rack/cache/context.rb:51:in `call'
  railties (3.2.11) lib/rails/engine.rb:479:in `call'
  railties (3.2.11) lib/rails/application.rb:223:in `call'
  rack (1.4.4) lib/rack/content_length.rb:14:in `call'
  railties (3.2.11) lib/rails/rack/log_tailer.rb:17:in `call'
  thin (1.5.0) lib/thin/connection.rb:81:in `block in pre_process'
  thin (1.5.0) lib/thin/connection.rb:79:in `catch'
  thin (1.5.0) lib/thin/connection.rb:79:in `pre_process'
  thin (1.5.0) lib/thin/connection.rb:54:in `process'
  thin (1.5.0) lib/thin/connection.rb:39:in `receive_data'
  eventmachine (1.0.0) lib/eventmachine.rb:187:in `run_machine'
  eventmachine (1.0.0) lib/eventmachine.rb:187:in `run'
  thin (1.5.0) lib/thin/backends/base.rb:63:in `start'
  thin (1.5.0) lib/thin/server.rb:159:in `start'
  rack (1.4.4) lib/rack/handler/thin.rb:13:in `run'
  rack (1.4.4) lib/rack/server.rb:268:in `start'
  railties (3.2.11) lib/rails/commands/server.rb:70:in `start'
  railties (3.2.11) lib/rails/commands.rb:55:in `block in <top (required)>'
  railties (3.2.11) lib/rails/commands.rb:50:in `tap'
  railties (3.2.11) lib/rails/commands.rb:50:in `<top (required)>'
  script/rails:6:in `require'
  script/rails:6:in `<main>'


Started POST "/sessions" for 127.0.0.1 at 2013-02-11 18:01:26 +0530
Processing by SessionsController#create as HTML
  Parameters: {"utf8"=>"✓", "authenticity_token"=>"eP4sLoMw6u/e8NmrIqGddn0UG0+sFLNER7BNFuec/Mk=", "email"=>"shamsul", "password"=>"[FILTERED]", "commit"=>"Login"}
Completed 500 Internal Server Error in 54ms

ActiveRecord::StatementInvalid (Could not find table 'users'):
  app/controllers/sessions_controller.rb:10:in `create'


Connecting to database specified by database.yml
Started GET "/" for 127.0.0.1 at 2013-02-11 18:07:50 +0530
Processing by SessionsController#new as HTML
  Rendered sessions/new.html.erb within layouts/application (3.3ms)
Completed 200 OK in 32ms (Views: 31.5ms | ActiveRecord: 0.0ms)
Started GET "/assets/application-4af41d15d8c1878f6d28f3ea85eaf640.css" for 127.0.0.1 at 2013-02-11 18:07:50 +0530

ActionController::RoutingError (No route matches [GET] "/assets/application-4af41d15d8c1878f6d28f3ea85eaf640.css"):
  actionpack (3.2.11) lib/action_dispatch/middleware/debug_exceptions.rb:21:in `call'
  actionpack (3.2.11) lib/action_dispatch/middleware/show_exceptions.rb:56:in `call'
  railties (3.2.11) lib/rails/rack/logger.rb:32:in `call_app'
  railties (3.2.11) lib/rails/rack/logger.rb:16:in `block in call'
  activesupport (3.2.11) lib/active_support/tagged_logging.rb:22:in `tagged'
  railties (3.2.11) lib/rails/rack/logger.rb:16:in `call'
  actionpack (3.2.11) lib/action_dispatch/middleware/request_id.rb:22:in `call'
  rack (1.4.4) lib/rack/methodoverride.rb:21:in `call'
  rack (1.4.4) lib/rack/runtime.rb:17:in `call'
  activesupport (3.2.11) lib/active_support/cache/strategy/local_cache.rb:72:in `call'
  rack (1.4.4) lib/rack/lock.rb:15:in `call'
  rack-cache (1.2) lib/rack/cache/context.rb:136:in `forward'
  rack-cache (1.2) lib/rack/cache/context.rb:245:in `fetch'
  rack-cache (1.2) lib/rack/cache/context.rb:185:in `lookup'
  rack-cache (1.2) lib/rack/cache/context.rb:66:in `call!'
  rack-cache (1.2) lib/rack/cache/context.rb:51:in `call'
  railties (3.2.11) lib/rails/engine.rb:479:in `call'
  railties (3.2.11) lib/rails/application.rb:223:in `call'
  rack (1.4.4) lib/rack/content_length.rb:14:in `call'
  railties (3.2.11) lib/rails/rack/log_tailer.rb:17:in `call'
  thin (1.5.0) lib/thin/connection.rb:81:in `block in pre_process'
  thin (1.5.0) lib/thin/connection.rb:79:in `catch'
  thin (1.5.0) lib/thin/connection.rb:79:in `pre_process'
  thin (1.5.0) lib/thin/connection.rb:54:in `process'
  thin (1.5.0) lib/thin/connection.rb:39:in `receive_data'
  eventmachine (1.0.0) lib/eventmachine.rb:187:in `run_machine'
  eventmachine (1.0.0) lib/eventmachine.rb:187:in `run'
  thin (1.5.0) lib/thin/backends/base.rb:63:in `start'
  thin (1.5.0) lib/thin/server.rb:159:in `start'
  rack (1.4.4) lib/rack/handler/thin.rb:13:in `run'
  rack (1.4.4) lib/rack/server.rb:268:in `start'
  railties (3.2.11) lib/rails/commands/server.rb:70:in `start'
  railties (3.2.11) lib/rails/commands.rb:55:in `block in <top (required)>'
  railties (3.2.11) lib/rails/commands.rb:50:in `tap'
  railties (3.2.11) lib/rails/commands.rb:50:in `<top (required)>'
  script/rails:6:in `require'
  script/rails:6:in `<main>'


Started GET "/assets/application-5994e5d274ec157c656a9204653aa126.js" for 127.0.0.1 at 2013-02-11 18:07:50 +0530

ActionController::RoutingError (No route matches [GET] "/assets/application-5994e5d274ec157c656a9204653aa126.js"):
  actionpack (3.2.11) lib/action_dispatch/middleware/debug_exceptions.rb:21:in `call'
  actionpack (3.2.11) lib/action_dispatch/middleware/show_exceptions.rb:56:in `call'
  railties (3.2.11) lib/rails/rack/logger.rb:32:in `call_app'
  railties (3.2.11) lib/rails/rack/logger.rb:16:in `block in call'
  activesupport (3.2.11) lib/active_support/tagged_logging.rb:22:in `tagged'
  railties (3.2.11) lib/rails/rack/logger.rb:16:in `call'
  actionpack (3.2.11) lib/action_dispatch/middleware/request_id.rb:22:in `call'
  rack (1.4.4) lib/rack/methodoverride.rb:21:in `call'
  rack (1.4.4) lib/rack/runtime.rb:17:in `call'
  activesupport (3.2.11) lib/active_support/cache/strategy/local_cache.rb:72:in `call'
  rack (1.4.4) lib/rack/lock.rb:15:in `call'
  rack-cache (1.2) lib/rack/cache/context.rb:136:in `forward'
  rack-cache (1.2) lib/rack/cache/context.rb:245:in `fetch'
  rack-cache (1.2) lib/rack/cache/context.rb:185:in `lookup'
  rack-cache (1.2) lib/rack/cache/context.rb:66:in `call!'
  rack-cache (1.2) lib/rack/cache/context.rb:51:in `call'
  railties (3.2.11) lib/rails/engine.rb:479:in `call'
  railties (3.2.11) lib/rails/application.rb:223:in `call'
  rack (1.4.4) lib/rack/content_length.rb:14:in `call'
  railties (3.2.11) lib/rails/rack/log_tailer.rb:17:in `call'
  thin (1.5.0) lib/thin/connection.rb:81:in `block in pre_process'
  thin (1.5.0) lib/thin/connection.rb:79:in `catch'
  thin (1.5.0) lib/thin/connection.rb:79:in `pre_process'
  thin (1.5.0) lib/thin/connection.rb:54:in `process'
  thin (1.5.0) lib/thin/connection.rb:39:in `receive_data'
  eventmachine (1.0.0) lib/eventmachine.rb:187:in `run_machine'
  eventmachine (1.0.0) lib/eventmachine.rb:187:in `run'
  thin (1.5.0) lib/thin/backends/base.rb:63:in `start'
  thin (1.5.0) lib/thin/server.rb:159:in `start'
  rack (1.4.4) lib/rack/handler/thin.rb:13:in `run'
  rack (1.4.4) lib/rack/server.rb:268:in `start'
  railties (3.2.11) lib/rails/commands/server.rb:70:in `start'
  railties (3.2.11) lib/rails/commands.rb:55:in `block in <top (required)>'
  railties (3.2.11) lib/rails/commands.rb:50:in `tap'
  railties (3.2.11) lib/rails/commands.rb:50:in `<top (required)>'
  script/rails:6:in `require'
  script/rails:6:in `<main>'


Started POST "/sessions" for 127.0.0.1 at 2013-02-11 18:08:01 +0530
Processing by SessionsController#create as HTML
  Parameters: {"utf8"=>"✓", "authenticity_token"=>"eP4sLoMw6u/e8NmrIqGddn0UG0+sFLNER7BNFuec/Mk=", "email"=>"shamsulsham89@gmail.com", "password"=>"[FILTERED]", "commit"=>"Login"}
Completed 500 Internal Server Error in 54ms

ActiveRecord::StatementInvalid (Could not find table 'users'):
  app/controllers/sessions_controller.rb:8:in `create'


